[1] 1
    bin freq_bbba freq_aaba
1 0.005      1717    115988
2 0.015       647      7619
3 0.025       493      4112
4 0.035       396      2905
5 0.045       309      2200
6 0.055       243      1653
[1] 2
    bin freq_bbba freq_aaba
1 0.005      3704    250834
2 0.015      1336     16598
3 0.025       969      8950
4 0.035       805      6188
5 0.045       640      4733
6 0.055       538      3742
[1] 3
    bin freq_bbba freq_aaba
1 0.005      5276    364293
2 0.015      1967     23917
3 0.025      1462     12877
4 0.035      1175      8855
5 0.045       915      6854
6 0.055       747      5411
[1] 4
    bin freq_bbba freq_aaba
1 0.005      6909    473909
2 0.015      2595     31288
3 0.025      1895     17008
4 0.035      1544     11762
5 0.045      1173      9050
6 0.055       975      7164
[1] 5
    bin freq_bbba freq_aaba
1 0.005      8567    573879
2 0.015      3113     37843
3 0.025      2270     20658
4 0.035      1830     14140
5 0.045      1349     10805
6 0.055      1183      8809
[1] 6
    bin freq_bbba freq_aaba
1 0.005      9875    666961
2 0.015      3564     44171
3 0.025      2728     23933
4 0.035      2110     16531
5 0.045      1563     12650
6 0.055      1409     10457
[1] 7
    bin freq_bbba freq_aaba
1 0.005     11020    750292
2 0.015      3910     49625
3 0.025      3052     26924
4 0.035      2373     18562
5 0.045      1840     14280
6 0.055      1621     11814
[1] 8
    bin freq_bbba freq_aaba
1 0.005     12084    840953
2 0.015      4312     55745
3 0.025      3349     30233
4 0.035      2610     21002
5 0.045      1992     16062
6 0.055      1814     13391
[1] 9
    bin freq_bbba freq_aaba
1 0.005     13181    907962
2 0.015      4668     60149
3 0.025      3588     32643
4 0.035      2908     22644
5 0.045      2183     17371
6 0.055      1950     14431
[1] 10
    bin freq_bbba freq_aaba
1 0.005     14339    979022
2 0.015      5072     64925
3 0.025      3878     35242
4 0.035      3114     24301
5 0.045      2389     18773
6 0.055      2173     15632
[1] 11
    bin freq_bbba freq_aaba
1 0.005     15453   1051113
2 0.015      5582     69707
3 0.025      4133     37608
4 0.035      3369     25884
5 0.045      2554     20220
6 0.055      2345     16693
[1] 12
    bin freq_bbba freq_aaba
1 0.005     16499   1118324
2 0.015      6040     74260
3 0.025      4397     40043
4 0.035      3627     27621
5 0.045      2700     21530
6 0.055      2514     17785
[1] 13
    bin freq_bbba freq_aaba
1 0.005     17308   1174339
2 0.015      6329     78031
3 0.025      4612     42080
4 0.035      3810     28984
5 0.045      2831     22628
6 0.055      2683     18889
[1] 14
    bin freq_bbba freq_aaba
1 0.005     18101   1221564
2 0.015      6667     81274
3 0.025      4807     43916
4 0.035      3955     30199
5 0.045      2924     23594
6 0.055      2794     19689
[1] 15
    bin freq_bbba freq_aaba
1 0.005     18763   1264296
2 0.015      6964     84104
3 0.025      4966     45379
4 0.035      4068     31134
5 0.045      2996     24360
6 0.055      2931     20399
[1] 16
    bin freq_bbba freq_aaba
1 0.005     19477   1312940
2 0.015      7176     87285
3 0.025      5139     47062
4 0.035      4164     32341
5 0.045      3093     25284
6 0.055      3047     21215
[1] 17
    bin freq_bbba freq_aaba
1 0.005     19999   1348340
2 0.015      7289     89413
3 0.025      5189     48214
4 0.035      4240     33185
5 0.045      3141     25893
6 0.055      3083     21734
[1] 18
    bin freq_bbba freq_aaba
1 0.005     20627   1392232
2 0.015      7529     92367
3 0.025      5376     49814
4 0.035      4365     34355
5 0.045      3240     26765
6 0.055      3173     22386
[1] 19
    bin freq_bbba freq_aaba
1 0.005     20951   1412090
2 0.015      7614     93723
3 0.025      5470     50479
4 0.035      4456     34830
5 0.045      3289     27121
6 0.055      3211     22691
[1] 20
    bin freq_bbba freq_aaba
1 0.005     21411   1443745
2 0.015      7765     95814
3 0.025      5610     51645
4 0.035      4548     35644
5 0.045      3397     27689
6 0.055      3304     23160
[1] 21
    bin freq_bbba freq_aaba
1 0.005     21666   1463232
2 0.015      7859     97048
3 0.025      5659     52297
4 0.035      4605     36121
5 0.045      3449     28090
6 0.055      3354     23447
[1] 22
    bin freq_bbba freq_aaba
1 0.005     21880   1479115
2 0.015      7945     98092
3 0.025      5751     52920
4 0.035      4648     36490
5 0.045      3487     28394
6 0.055      3387     23703
null device 
          1 
null device 
          1 
null device 
          1 
null device 
          1 
